  Instancing_Test.cpp
C:\Program Files (x86)\Microsoft Visual Studio\2019\Community\VC\Tools\MSVC\14.29.30133\include\xutility(142,1): warning C4267: '인수': 'size_t'에서 'UINT'(으)로 변환하면서 데이터가 손실될 수 있습니다.
C:\Program Files (x86)\Microsoft Visual Studio\2019\Community\VC\Tools\MSVC\14.29.30133\include\memory(2006): message : 컴파일되는 함수 템플릿 인스턴스화 'void std::_Construct_in_place<_Ty,Instancing_Test::InstanceData*,unsigned __int64,int,int,bool>(_Ty &,Instancing_Test::InstanceData *&&,unsigned __int64 &&,int &&,int &&,bool &&) noexcept(false)'에 대한 참조를 확인하세요.
          with
          [
              _Ty=VertexBuffer
          ]
C:\Program Files (x86)\Microsoft Visual Studio\2019\Community\VC\Tools\MSVC\14.29.30133\include\memory(2725): message : 컴파일되는 함수 템플릿 인스턴스화 'std::_Ref_count_obj2<_Ty>::_Ref_count_obj2<Instancing_Test::InstanceData*,unsigned __int64,int,int,bool>(Instancing_Test::InstanceData *&&,unsigned __int64 &&,int &&,int &&,bool &&)'에 대한 참조를 확인하세요.
          with
          [
              _Ty=VertexBuffer
          ]
C:\Program Files (x86)\Microsoft Visual Studio\2019\Community\VC\Tools\MSVC\14.29.30133\include\memory(2726): message : 컴파일되는 함수 템플릿 인스턴스화 'std::_Ref_count_obj2<_Ty>::_Ref_count_obj2<Instancing_Test::InstanceData*,unsigned __int64,int,int,bool>(Instancing_Test::InstanceData *&&,unsigned __int64 &&,int &&,int &&,bool &&)'에 대한 참조를 확인하세요.
          with
          [
              _Ty=VertexBuffer
          ]
C:\Class\C++\KHI_Project\Project\Project\Scene\Brotato\Instancing_Test.cpp(29): message : 컴파일되는 함수 템플릿 인스턴스화 'std::shared_ptr<VertexBuffer> std::make_shared<VertexBuffer,_Ty*,size_t,int,int,bool>(_Ty *&&,size_t &&,int &&,int &&,bool &&)'에 대한 참조를 확인하세요.
          with
          [
              _Ty=Instancing_Test::InstanceData
          ]
  SceneManager.cpp
  코드를 생성하고 있습니다...
  Project.vcxproj -> C:\Class\C++\KHI_Project\Project\x64\Debug\Project.exe
